[     549ms] [WARNING] MAP_ERROR __publicField is not defined undefined @ http://localhost:5173/src/components/atlas/AtlasMap.tsx?t=1772989758386:427
[     549ms] [WARNING] MAP_ERROR __publicField is not defined undefined @ http://localhost:5173/src/components/atlas/AtlasMap.tsx?t=1772989758386:427
[     549ms] [WARNING] MAP_ERROR __publicField is not defined undefined @ http://localhost:5173/src/components/atlas/AtlasMap.tsx?t=1772989758386:427
[     549ms] [WARNING] MAP_ERROR __publicField is not defined undefined @ http://localhost:5173/src/components/atlas/AtlasMap.tsx?t=1772989758386:427
[     549ms] [WARNING] MAP_ERROR __publicField is not defined undefined @ http://localhost:5173/src/components/atlas/AtlasMap.tsx?t=1772989758386:427
[   95227ms] [ERROR] WebSocket connection to 'ws://localhost:5173/' failed: Error in connection establishment: net::ERR_CONNECTION_REFUSED @ http://localhost:5173/@vite/client:1034
[  120623ms] [ERROR] Failed to load resource: the server responded with a status of 500 (Internal Server Error) @ http://localhost:5173/src/components/atlas/TimelineScrubber.tsx?t=1772989883413:0
[  120623ms] [ERROR] [vite] Failed to reload /src/components/atlas/TimelineScrubber.tsx. This could be due to syntax errors or importing non-existent modules. (see errors above) @ http://localhost:5173/@vite/client:881
[  574760ms] [WARNING] Image "circle-11" could not be loaded. Please make sure you have added the image with map.addImage() or a "sprite" property in your style. You can provide missing images by listening for the "styleimagemissing" map event. @ http://localhost:5173/node_modules/.vite/deps/maplibre-gl.js?v=143f9c4a:312
[  574839ms] [WARNING] Image "wood-pattern" could not be loaded. Please make sure you have added the image with map.addImage() or a "sprite" property in your style. You can provide missing images by listening for the "styleimagemissing" map event. @ http://localhost:5173/node_modules/.vite/deps/maplibre-gl.js?v=143f9c4a:312
[  607701ms] [WARNING] cannot calculate elevation if elevation maxzoom > source.maxzoom @ http://localhost:5173/node_modules/.vite/deps/maplibre-gl.js?v=143f9c4a:312
[  610093ms] [ERROR] Failed to load resource: the server responded with a status of 404 (Not Found) @ https://s3.amazonaws.com/elevation-tiles-prod/terrarium/16/39435/26317.png:0
[  610328ms] [ERROR] Failed to load resource: the server responded with a status of 404 (Not Found) @ https://s3.amazonaws.com/elevation-tiles-prod/terrarium/16/39436/26317.png:0
[  610401ms] [ERROR] Failed to load resource: the server responded with a status of 404 (Not Found) @ https://s3.amazonaws.com/elevation-tiles-prod/terrarium/16/39437/26316.png:0
[  610405ms] [ERROR] Failed to load resource: the server responded with a status of 404 (Not Found) @ https://s3.amazonaws.com/elevation-tiles-prod/terrarium/16/39437/26317.png:0
[  610405ms] [ERROR] Failed to load resource: the server responded with a status of 404 (Not Found) @ https://s3.amazonaws.com/elevation-tiles-prod/terrarium/16/39438/26315.png:0
[  610459ms] [ERROR] Failed to load resource: the server responded with a status of 404 (Not Found) @ https://s3.amazonaws.com/elevation-tiles-prod/terrarium/16/39439/26315.png:0
[  666359ms] [ERROR] WebSocket connection to 'ws://localhost:5173/?token=sth--i69N7BH' failed:  @ http://localhost:5173/@vite/client:801
[  666511ms] [ERROR] WebSocket connection to 'ws://localhost:5173/' failed: Error in connection establishment: net::ERR_CONNECTION_REFUSED @ http://localhost:5173/@vite/client:1034
[  667538ms] [ERROR] WebSocket connection to 'ws://localhost:5173/' failed: Error in connection establishment: net::ERR_CONNECTION_REFUSED @ http://localhost:5173/@vite/client:1034
