[   17047ms] [WARNING] Image "circle-11" could not be loaded. Please make sure you have added the image with map.addImage() or a "sprite" property in your style. You can provide missing images by listening for the "styleimagemissing" map event. @ http://localhost:5173/node_modules/.vite/deps/maplibre-gl.js?v=1ef26563:312
[   17074ms] [WARNING] Image "wood-pattern" could not be loaded. Please make sure you have added the image with map.addImage() or a "sprite" property in your style. You can provide missing images by listening for the "styleimagemissing" map event. @ http://localhost:5173/node_modules/.vite/deps/maplibre-gl.js?v=1ef26563:312
[   44485ms] Error: setRTLTextPlugin cannot be called multiple times.
    at le.<anonymous> (http://localhost:5173/node_modules/.vite/deps/maplibre-gl.js?v=1ef26563:14134:35)
    at Generator.next (<anonymous>)
    at http://localhost:5173/node_modules/.vite/deps/maplibre-gl.js?v=1ef26563:53:46
    at new Promise (<anonymous>)
    at Object.e [as _] (http://localhost:5173/node_modules/.vite/deps/maplibre-gl.js?v=1ef26563:32:18)
    at le.setRTLTextPlugin (http://localhost:5173/node_modules/.vite/deps/maplibre-gl.js?v=1ef26563:14133:22)
    at e.setRTLTextPlugin (http://localhost:5173/node_modules/.vite/deps/maplibre-gl.js?v=1ef26563:23501:23)
    at http://localhost:5173/src/components/atlas/AtlasMap.tsx?t=1772990487071:27:12
[   44543ms] Error: setRTLTextPlugin cannot be called multiple times.
    at le.<anonymous> (http://localhost:5173/node_modules/.vite/deps/maplibre-gl.js?v=1ef26563:14134:35)
    at Generator.next (<anonymous>)
    at http://localhost:5173/node_modules/.vite/deps/maplibre-gl.js?v=1ef26563:53:46
    at new Promise (<anonymous>)
    at Object.e [as _] (http://localhost:5173/node_modules/.vite/deps/maplibre-gl.js?v=1ef26563:32:18)
    at le.setRTLTextPlugin (http://localhost:5173/node_modules/.vite/deps/maplibre-gl.js?v=1ef26563:14133:22)
    at e.setRTLTextPlugin (http://localhost:5173/node_modules/.vite/deps/maplibre-gl.js?v=1ef26563:23501:23)
    at http://localhost:5173/src/components/atlas/AtlasMap.tsx?t=1772990487127:27:12
[   68659ms] Error: setRTLTextPlugin cannot be called multiple times.
    at le.<anonymous> (http://localhost:5173/node_modules/.vite/deps/maplibre-gl.js?v=1ef26563:14134:35)
    at Generator.next (<anonymous>)
    at http://localhost:5173/node_modules/.vite/deps/maplibre-gl.js?v=1ef26563:53:46
    at new Promise (<anonymous>)
    at Object.e [as _] (http://localhost:5173/node_modules/.vite/deps/maplibre-gl.js?v=1ef26563:32:18)
    at le.setRTLTextPlugin (http://localhost:5173/node_modules/.vite/deps/maplibre-gl.js?v=1ef26563:14133:22)
    at e.setRTLTextPlugin (http://localhost:5173/node_modules/.vite/deps/maplibre-gl.js?v=1ef26563:23501:23)
    at http://localhost:5173/src/components/atlas/AtlasMap.tsx?t=1772990511329:28:14
