[    1750ms] Error: supabaseUrl is required.
    at validateSupabaseUrl (http://localhost:5173/node_modules/.vite/deps/@supabase_supabase-js.js?v=273e30b4:11376:26)
    at new SupabaseClient (http://localhost:5173/node_modules/.vite/deps/@supabase_supabase-js.js?v=273e30b4:11414:21)
    at createClient (http://localhost:5173/node_modules/.vite/deps/@supabase_supabase-js.js?v=273e30b4:11593:10)
    at http://localhost:5173/src/lib/supabase.ts:4:25
[    1761ms] [ERROR] Failed to load resource: the server responded with a status of 404 (Not Found) @ http://localhost:5173/favicon.ico:0
[   13000ms] TypeError: Cannot read properties of null (reading 'from')
    at http://localhost:5173/src/hooks/useYoutubeChannels.ts?t=1773024516771:9:14
    at Object.react_stack_bottom_frame (http://localhost:5173/node_modules/.vite/deps/react-dom_client.js?v=273e30b4:18567:20)
    at runWithFiberInDEV (http://localhost:5173/node_modules/.vite/deps/react-dom_client.js?v=273e30b4:997:72)
    at commitHookEffectListMount (http://localhost:5173/node_modules/.vite/deps/react-dom_client.js?v=273e30b4:9411:163)
    at commitHookPassiveMountEffects (http://localhost:5173/node_modules/.vite/deps/react-dom_client.js?v=273e30b4:9465:60)
    at commitPassiveMountOnFiber (http://localhost:5173/node_modules/.vite/deps/react-dom_client.js?v=273e30b4:11040:29)
    at recursivelyTraversePassiveMountEffects (http://localhost:5173/node_modules/.vite/deps/react-dom_client.js?v=273e30b4:11010:13)
    at commitPassiveMountOnFiber (http://localhost:5173/node_modules/.vite/deps/react-dom_client.js?v=273e30b4:11201:13)
    at recursivelyTraversePassiveMountEffects (http://localhost:5173/node_modules/.vite/deps/react-dom_client.js?v=273e30b4:11010:13)
    at commitPassiveMountOnFiber (http://localhost:5173/node_modules/.vite/deps/react-dom_client.js?v=273e30b4:11201:13)
[   12986ms] [WARNING] %s

%s
 An error occurred in the <EventFeedPanel> component. Consider adding an error boundary to your tree to customize error handling behavior.
Visit https://react.dev/link/error-boundaries to learn more about error boundaries. @ http://localhost:5173/node_modules/.vite/deps/react-dom_client.js?v=273e30b4:6965
[   13000ms] TypeError: Cannot read properties of null (reading 'from')
    at http://localhost:5173/src/hooks/useYoutubeChannels.ts?t=1773024516771:9:14
    at Object.react_stack_bottom_frame (http://localhost:5173/node_modules/.vite/deps/react-dom_client.js?v=273e30b4:18567:20)
    at runWithFiberInDEV (http://localhost:5173/node_modules/.vite/deps/react-dom_client.js?v=273e30b4:997:72)
    at commitHookEffectListMount (http://localhost:5173/node_modules/.vite/deps/react-dom_client.js?v=273e30b4:9411:163)
    at commitHookPassiveMountEffects (http://localhost:5173/node_modules/.vite/deps/react-dom_client.js?v=273e30b4:9465:60)
    at reconnectPassiveEffects (http://localhost:5173/node_modules/.vite/deps/react-dom_client.js?v=273e30b4:11273:13)
    at recursivelyTraverseReconnectPassiveEffects (http://localhost:5173/node_modules/.vite/deps/react-dom_client.js?v=273e30b4:11240:11)
    at reconnectPassiveEffects (http://localhost:5173/node_modules/.vite/deps/react-dom_client.js?v=273e30b4:11317:13)
    at recursivelyTraverseReconnectPassiveEffects (http://localhost:5173/node_modules/.vite/deps/react-dom_client.js?v=273e30b4:11240:11)
    at reconnectPassiveEffects (http://localhost:5173/node_modules/.vite/deps/react-dom_client.js?v=273e30b4:11317:13)
[   12986ms] [WARNING] %s

%s
 An error occurred in the <EventFeedPanel> component. Consider adding an error boundary to your tree to customize error handling behavior.
Visit https://react.dev/link/error-boundaries to learn more about error boundaries. @ http://localhost:5173/node_modules/.vite/deps/react-dom_client.js?v=273e30b4:6965
