[     347ms] [ERROR] Failed to load resource: the server responded with a status of 404 (Not Found) @ http://localhost:5173/favicon.ico:0
[     648ms] ReferenceError: _getSource is not defined
    at http://localhost:5173/src/components/atlas/AtlasMap.tsx?t=1772989187063:323:5
    at Object.react_stack_bottom_frame (http://localhost:5173/node_modules/.vite/deps/react-dom_client.js?v=d1698ab9:18567:20)
    at runWithFiberInDEV (http://localhost:5173/node_modules/.vite/deps/react-dom_client.js?v=d1698ab9:997:72)
    at commitHookEffectListMount (http://localhost:5173/node_modules/.vite/deps/react-dom_client.js?v=d1698ab9:9411:163)
    at commitHookPassiveMountEffects (http://localhost:5173/node_modules/.vite/deps/react-dom_client.js?v=d1698ab9:9465:60)
    at commitPassiveMountOnFiber (http://localhost:5173/node_modules/.vite/deps/react-dom_client.js?v=d1698ab9:11040:29)
    at recursivelyTraversePassiveMountEffects (http://localhost:5173/node_modules/.vite/deps/react-dom_client.js?v=d1698ab9:11010:13)
    at commitPassiveMountOnFiber (http://localhost:5173/node_modules/.vite/deps/react-dom_client.js?v=d1698ab9:11201:13)
    at recursivelyTraversePassiveMountEffects (http://localhost:5173/node_modules/.vite/deps/react-dom_client.js?v=d1698ab9:11010:13)
    at commitPassiveMountOnFiber (http://localhost:5173/node_modules/.vite/deps/react-dom_client.js?v=d1698ab9:11201:13)
[     648ms] [WARNING] %s

%s
 An error occurred in the <AtlasMap> component. Consider adding an error boundary to your tree to customize error handling behavior.
Visit https://react.dev/link/error-boundaries to learn more about error boundaries. @ http://localhost:5173/node_modules/.vite/deps/react-dom_client.js?v=d1698ab9:6965
[   12515ms] ReferenceError: _getSource is not defined
    at http://localhost:5173/src/components/atlas/AtlasMap.tsx?t=1772989187063:323:5
    at Object.react_stack_bottom_frame (http://localhost:5173/node_modules/.vite/deps/react-dom_client.js?v=d1698ab9:18567:20)
    at runWithFiberInDEV (http://localhost:5173/node_modules/.vite/deps/react-dom_client.js?v=d1698ab9:997:72)
    at commitHookEffectListMount (http://localhost:5173/node_modules/.vite/deps/react-dom_client.js?v=d1698ab9:9411:163)
    at commitHookPassiveMountEffects (http://localhost:5173/node_modules/.vite/deps/react-dom_client.js?v=d1698ab9:9465:60)
    at commitPassiveMountOnFiber (http://localhost:5173/node_modules/.vite/deps/react-dom_client.js?v=d1698ab9:11040:29)
    at recursivelyTraversePassiveMountEffects (http://localhost:5173/node_modules/.vite/deps/react-dom_client.js?v=d1698ab9:11010:13)
    at commitPassiveMountOnFiber (http://localhost:5173/node_modules/.vite/deps/react-dom_client.js?v=d1698ab9:11201:13)
    at recursivelyTraversePassiveMountEffects (http://localhost:5173/node_modules/.vite/deps/react-dom_client.js?v=d1698ab9:11010:13)
    at commitPassiveMountOnFiber (http://localhost:5173/node_modules/.vite/deps/react-dom_client.js?v=d1698ab9:11201:13)
[   12500ms] [WARNING] %s

%s
 An error occurred in the <AtlasMap> component. Consider adding an error boundary to your tree to customize error handling behavior.
Visit https://react.dev/link/error-boundaries to learn more about error boundaries. @ http://localhost:5173/node_modules/.vite/deps/react-dom_client.js?v=d1698ab9:6965
[   38556ms] Error: setRTLTextPlugin cannot be called multiple times.
    at le.<anonymous> (http://localhost:5173/node_modules/.vite/deps/maplibre-gl.js?v=d1698ab9:14149:35)
    at Generator.next (<anonymous>)
    at http://localhost:5173/node_modules/.vite/deps/maplibre-gl.js?v=d1698ab9:54:46
    at new Promise (<anonymous>)
    at Object.e [as _] (http://localhost:5173/node_modules/.vite/deps/maplibre-gl.js?v=d1698ab9:33:18)
    at le.setRTLTextPlugin (http://localhost:5173/node_modules/.vite/deps/maplibre-gl.js?v=d1698ab9:14148:22)
    at e.setRTLTextPlugin (http://localhost:5173/node_modules/.vite/deps/maplibre-gl.js?v=d1698ab9:23516:23)
    at http://localhost:5173/src/components/atlas/AtlasMap.tsx?t=1772989283891:27:12
[   38919ms] [ERROR] Error @ http://localhost:5173/node_modules/.vite/deps/react-map-gl_maplibre.js?v=d1698ab9:258
[   38919ms] [ERROR] Error @ http://localhost:5173/node_modules/.vite/deps/react-map-gl_maplibre.js?v=d1698ab9:258
[   38919ms] [ERROR] Error @ http://localhost:5173/node_modules/.vite/deps/react-map-gl_maplibre.js?v=d1698ab9:258
[   38919ms] [ERROR] Error @ http://localhost:5173/node_modules/.vite/deps/react-map-gl_maplibre.js?v=d1698ab9:258
[   38920ms] [ERROR] Error @ http://localhost:5173/node_modules/.vite/deps/react-map-gl_maplibre.js?v=d1698ab9:258
[   38976ms] [ERROR] Error @ http://localhost:5173/node_modules/.vite/deps/react-map-gl_maplibre.js?v=d1698ab9:258
[   38976ms] [ERROR] Error @ http://localhost:5173/node_modules/.vite/deps/react-map-gl_maplibre.js?v=d1698ab9:258
[   38976ms] [ERROR] Error @ http://localhost:5173/node_modules/.vite/deps/react-map-gl_maplibre.js?v=d1698ab9:258
[   38976ms] [ERROR] Error @ http://localhost:5173/node_modules/.vite/deps/react-map-gl_maplibre.js?v=d1698ab9:258
[   38976ms] [ERROR] Error @ http://localhost:5173/node_modules/.vite/deps/react-map-gl_maplibre.js?v=d1698ab9:258
[   55499ms] Error: setRTLTextPlugin cannot be called multiple times.
    at le.<anonymous> (http://localhost:5173/node_modules/.vite/deps/maplibre-gl.js?v=d1698ab9:14149:35)
    at Generator.next (<anonymous>)
    at http://localhost:5173/node_modules/.vite/deps/maplibre-gl.js?v=d1698ab9:54:46
    at new Promise (<anonymous>)
    at Object.e [as _] (http://localhost:5173/node_modules/.vite/deps/maplibre-gl.js?v=d1698ab9:33:18)
    at le.setRTLTextPlugin (http://localhost:5173/node_modules/.vite/deps/maplibre-gl.js?v=d1698ab9:14148:22)
    at e.setRTLTextPlugin (http://localhost:5173/node_modules/.vite/deps/maplibre-gl.js?v=d1698ab9:23516:23)
    at http://localhost:5173/src/components/atlas/AtlasMap.tsx?t=1772989300687:27:12
[   60145ms] Error: setRTLTextPlugin cannot be called multiple times.
    at le.<anonymous> (http://localhost:5173/node_modules/.vite/deps/maplibre-gl.js?v=d1698ab9:14149:35)
    at Generator.next (<anonymous>)
    at http://localhost:5173/node_modules/.vite/deps/maplibre-gl.js?v=d1698ab9:54:46
    at new Promise (<anonymous>)
    at Object.e [as _] (http://localhost:5173/node_modules/.vite/deps/maplibre-gl.js?v=d1698ab9:33:18)
    at le.setRTLTextPlugin (http://localhost:5173/node_modules/.vite/deps/maplibre-gl.js?v=d1698ab9:14148:22)
    at e.setRTLTextPlugin (http://localhost:5173/node_modules/.vite/deps/maplibre-gl.js?v=d1698ab9:23516:23)
    at http://localhost:5173/src/components/atlas/AtlasMap.tsx?t=1772989305525:27:12
[   71811ms] Error: setRTLTextPlugin cannot be called multiple times.
    at le.<anonymous> (http://localhost:5173/node_modules/.vite/deps/maplibre-gl.js?v=d1698ab9:14149:35)
    at Generator.next (<anonymous>)
    at http://localhost:5173/node_modules/.vite/deps/maplibre-gl.js?v=d1698ab9:54:46
    at new Promise (<anonymous>)
    at Object.e [as _] (http://localhost:5173/node_modules/.vite/deps/maplibre-gl.js?v=d1698ab9:33:18)
    at le.setRTLTextPlugin (http://localhost:5173/node_modules/.vite/deps/maplibre-gl.js?v=d1698ab9:14148:22)
    at e.setRTLTextPlugin (http://localhost:5173/node_modules/.vite/deps/maplibre-gl.js?v=d1698ab9:23516:23)
    at http://localhost:5173/src/components/atlas/AtlasMap.tsx?t=1772989317130:27:12
[   84252ms] Error: setRTLTextPlugin cannot be called multiple times.
    at le.<anonymous> (http://localhost:5173/node_modules/.vite/deps/maplibre-gl.js?v=d1698ab9:14149:35)
    at Generator.next (<anonymous>)
    at http://localhost:5173/node_modules/.vite/deps/maplibre-gl.js?v=d1698ab9:54:46
    at new Promise (<anonymous>)
    at Object.e [as _] (http://localhost:5173/node_modules/.vite/deps/maplibre-gl.js?v=d1698ab9:33:18)
    at le.setRTLTextPlugin (http://localhost:5173/node_modules/.vite/deps/maplibre-gl.js?v=d1698ab9:14148:22)
    at e.setRTLTextPlugin (http://localhost:5173/node_modules/.vite/deps/maplibre-gl.js?v=d1698ab9:23516:23)
    at http://localhost:5173/src/components/atlas/AtlasMap.tsx?t=1772989329470:27:12
