[    2583ms] [ERROR] Failed to load resource: the server responded with a status of 404 (Not Found) @ http://localhost:5176/favicon.ico:0
[    2804ms] [ERROR] Error @ http://localhost:5176/node_modules/.vite/deps/react-map-gl_maplibre.js?v=d1698ab9:258
[    2804ms] [ERROR] Error @ http://localhost:5176/node_modules/.vite/deps/react-map-gl_maplibre.js?v=d1698ab9:258
[  108814ms] Error: setRTLTextPlugin cannot be called multiple times.
    at le.<anonymous> (http://localhost:5176/node_modules/.vite/deps/maplibre-gl.js?v=d1698ab9:14149:35)
    at Generator.next (<anonymous>)
    at http://localhost:5176/node_modules/.vite/deps/maplibre-gl.js?v=d1698ab9:54:46
    at new Promise (<anonymous>)
    at Object.e [as _] (http://localhost:5176/node_modules/.vite/deps/maplibre-gl.js?v=d1698ab9:33:18)
    at le.setRTLTextPlugin (http://localhost:5176/node_modules/.vite/deps/maplibre-gl.js?v=d1698ab9:14148:22)
    at e.setRTLTextPlugin (http://localhost:5176/node_modules/.vite/deps/maplibre-gl.js?v=d1698ab9:23516:23)
    at http://localhost:5176/src/components/atlas/AtlasMap.tsx?t=1772985833579:29:12
[  108868ms] Error: source id changed
    at assert (http://localhost:5176/node_modules/.vite/deps/react-map-gl_maplibre.js?v=d1698ab9:1099:11)
    at updateSource (http://localhost:5176/node_modules/.vite/deps/react-map-gl_maplibre.js?v=d1698ab9:1117:3)
    at Source (http://localhost:5176/node_modules/.vite/deps/react-map-gl_maplibre.js?v=d1698ab9:1184:5)
    at Object.react_stack_bottom_frame (http://localhost:5176/node_modules/.vite/deps/react-dom_client.js?v=d1698ab9:18509:20)
    at renderWithHooks (http://localhost:5176/node_modules/.vite/deps/react-dom_client.js?v=d1698ab9:5654:24)
    at updateFunctionComponent (http://localhost:5176/node_modules/.vite/deps/react-dom_client.js?v=d1698ab9:7475:21)
    at beginWork (http://localhost:5176/node_modules/.vite/deps/react-dom_client.js?v=d1698ab9:8525:20)
    at runWithFiberInDEV (http://localhost:5176/node_modules/.vite/deps/react-dom_client.js?v=d1698ab9:997:72)
    at performUnitOfWork (http://localhost:5176/node_modules/.vite/deps/react-dom_client.js?v=d1698ab9:12561:98)
    at workLoopSync (http://localhost:5176/node_modules/.vite/deps/react-dom_client.js?v=d1698ab9:12424:43)
[  108868ms] [WARNING] %s

%s
 An error occurred in the <Source> component. Consider adding an error boundary to your tree to customize error handling behavior.
Visit https://react.dev/link/error-boundaries to learn more about error boundaries. @ http://localhost:5176/node_modules/.vite/deps/react-dom_client.js?v=d1698ab9:6965
[  117776ms] Error: setRTLTextPlugin cannot be called multiple times.
    at le.<anonymous> (http://localhost:5176/node_modules/.vite/deps/maplibre-gl.js?v=d1698ab9:14149:35)
    at Generator.next (<anonymous>)
    at http://localhost:5176/node_modules/.vite/deps/maplibre-gl.js?v=d1698ab9:54:46
    at new Promise (<anonymous>)
    at Object.e [as _] (http://localhost:5176/node_modules/.vite/deps/maplibre-gl.js?v=d1698ab9:33:18)
    at le.setRTLTextPlugin (http://localhost:5176/node_modules/.vite/deps/maplibre-gl.js?v=d1698ab9:14148:22)
    at e.setRTLTextPlugin (http://localhost:5176/node_modules/.vite/deps/maplibre-gl.js?v=d1698ab9:23516:23)
    at http://localhost:5176/src/components/atlas/AtlasMap.tsx?t=1772985842793:29:12
[  117929ms] [ERROR] Error @ :0
[  118168ms] [ERROR] Error @ :0
