[     774ms] [ERROR] Failed to load resource: the server responded with a status of 404 (Not Found) @ http://localhost:5173/favicon.ico:0
[    1486ms] [ERROR] Error: layers.draw-label.filter[2][1]: string expected, array found
    at Object.us [as B] (http://localhost:5173/node_modules/.vite/deps/maplibre-gl.js?v=1ef26563:3384:68)
    at Li (http://localhost:5173/node_modules/.vite/deps/maplibre-gl.js?v=1ef26563:18126:34)
    at Fi._validate (http://localhost:5173/node_modules/.vite/deps/maplibre-gl.js?v=1ef26563:18754:54)
    at Fi.addLayer (http://localhost:5173/node_modules/.vite/deps/maplibre-gl.js?v=1ef26563:18500:152)
    at e.Map.addLayer (http://localhost:5173/node_modules/.vite/deps/maplibre-gl.js?v=1ef26563:23072:59)
    at http://localhost:5173/src/components/atlas/DrawingLayers.tsx?t=1773006070247:376:35
    at Object.react_stack_bottom_frame (http://localhost:5173/node_modules/.vite/deps/react-dom_client.js?v=8a18eaf1:18567:20)
    at runWithFiberInDEV (http://localhost:5173/node_modules/.vite/deps/react-dom_client.js?v=8a18eaf1:997:72)
    at commitHookEffectListMount (http://localhost:5173/node_modules/.vite/deps/react-dom_client.js?v=8a18eaf1:9411:163)
    at commitHookPassiveMountEffects (http://localhost:5173/node_modules/.vite/deps/react-dom_client.js?v=8a18eaf1:9465:60) @ http://localhost:5173/node_modules/.vite/deps/react-map-gl_maplibre.js?v=3d4b2423:257
[    1488ms] [ERROR] Error: layers.draw-label.filter[2][2]: string, number, or boolean expected, array found
    at Object.us [as B] (http://localhost:5173/node_modules/.vite/deps/maplibre-gl.js?v=1ef26563:3384:68)
    at Li (http://localhost:5173/node_modules/.vite/deps/maplibre-gl.js?v=1ef26563:18126:34)
    at Fi._validate (http://localhost:5173/node_modules/.vite/deps/maplibre-gl.js?v=1ef26563:18754:54)
    at Fi.addLayer (http://localhost:5173/node_modules/.vite/deps/maplibre-gl.js?v=1ef26563:18500:152)
    at e.Map.addLayer (http://localhost:5173/node_modules/.vite/deps/maplibre-gl.js?v=1ef26563:23072:59)
    at http://localhost:5173/src/components/atlas/DrawingLayers.tsx?t=1773006070247:376:35
    at Object.react_stack_bottom_frame (http://localhost:5173/node_modules/.vite/deps/react-dom_client.js?v=8a18eaf1:18567:20)
    at runWithFiberInDEV (http://localhost:5173/node_modules/.vite/deps/react-dom_client.js?v=8a18eaf1:997:72)
    at commitHookEffectListMount (http://localhost:5173/node_modules/.vite/deps/react-dom_client.js?v=8a18eaf1:9411:163)
    at commitHookPassiveMountEffects (http://localhost:5173/node_modules/.vite/deps/react-dom_client.js?v=8a18eaf1:9465:60) @ http://localhost:5173/node_modules/.vite/deps/react-map-gl_maplibre.js?v=3d4b2423:257
