[  103774ms] ReferenceError: expanded is not defined
    at TimelineScrubber (http://localhost:5173/src/components/atlas/TimelineScrubber.tsx?t=1772992910119:79:36)
    at Object.react_stack_bottom_frame (http://localhost:5173/node_modules/.vite/deps/react-dom_client.js?v=8a18eaf1:18509:20)
    at renderWithHooks (http://localhost:5173/node_modules/.vite/deps/react-dom_client.js?v=8a18eaf1:5654:24)
    at updateFunctionComponent (http://localhost:5173/node_modules/.vite/deps/react-dom_client.js?v=8a18eaf1:7475:21)
    at beginWork (http://localhost:5173/node_modules/.vite/deps/react-dom_client.js?v=8a18eaf1:8525:20)
    at runWithFiberInDEV (http://localhost:5173/node_modules/.vite/deps/react-dom_client.js?v=8a18eaf1:997:72)
    at performUnitOfWork (http://localhost:5173/node_modules/.vite/deps/react-dom_client.js?v=8a18eaf1:12561:98)
    at workLoopSync (http://localhost:5173/node_modules/.vite/deps/react-dom_client.js?v=8a18eaf1:12424:43)
    at renderRootSync (http://localhost:5173/node_modules/.vite/deps/react-dom_client.js?v=8a18eaf1:12408:13)
    at performWorkOnRoot (http://localhost:5173/node_modules/.vite/deps/react-dom_client.js?v=8a18eaf1:11827:37)
[  103768ms] [WARNING] %s

%s
 An error occurred in the <TimelineScrubber> component. Consider adding an error boundary to your tree to customize error handling behavior.
Visit https://react.dev/link/error-boundaries to learn more about error boundaries. @ http://localhost:5173/node_modules/.vite/deps/react-dom_client.js?v=8a18eaf1:6965
[  107759ms] ReferenceError: expanded is not defined
    at TimelineScrubber (http://localhost:5173/src/components/atlas/TimelineScrubber.tsx?t=1772992914090:79:36)
    at Object.react_stack_bottom_frame (http://localhost:5173/node_modules/.vite/deps/react-dom_client.js?v=8a18eaf1:18509:20)
    at renderWithHooks (http://localhost:5173/node_modules/.vite/deps/react-dom_client.js?v=8a18eaf1:5654:24)
    at updateFunctionComponent (http://localhost:5173/node_modules/.vite/deps/react-dom_client.js?v=8a18eaf1:7475:21)
    at beginWork (http://localhost:5173/node_modules/.vite/deps/react-dom_client.js?v=8a18eaf1:8525:20)
    at runWithFiberInDEV (http://localhost:5173/node_modules/.vite/deps/react-dom_client.js?v=8a18eaf1:997:72)
    at performUnitOfWork (http://localhost:5173/node_modules/.vite/deps/react-dom_client.js?v=8a18eaf1:12561:98)
    at workLoopSync (http://localhost:5173/node_modules/.vite/deps/react-dom_client.js?v=8a18eaf1:12424:43)
    at renderRootSync (http://localhost:5173/node_modules/.vite/deps/react-dom_client.js?v=8a18eaf1:12408:13)
    at performWorkOnRoot (http://localhost:5173/node_modules/.vite/deps/react-dom_client.js?v=8a18eaf1:11827:37)
[  107759ms] [WARNING] %s

%s
 An error occurred in the <TimelineScrubber> component. Consider adding an error boundary to your tree to customize error handling behavior.
Visit https://react.dev/link/error-boundaries to learn more about error boundaries. @ http://localhost:5173/node_modules/.vite/deps/react-dom_client.js?v=8a18eaf1:6965
[  111327ms] ReferenceError: expanded is not defined
    at TimelineScrubber (http://localhost:5173/src/components/atlas/TimelineScrubber.tsx?t=1772992917661:264:25)
    at Object.react_stack_bottom_frame (http://localhost:5173/node_modules/.vite/deps/react-dom_client.js?v=8a18eaf1:18509:20)
    at renderWithHooks (http://localhost:5173/node_modules/.vite/deps/react-dom_client.js?v=8a18eaf1:5654:24)
    at updateFunctionComponent (http://localhost:5173/node_modules/.vite/deps/react-dom_client.js?v=8a18eaf1:7475:21)
    at beginWork (http://localhost:5173/node_modules/.vite/deps/react-dom_client.js?v=8a18eaf1:8525:20)
    at runWithFiberInDEV (http://localhost:5173/node_modules/.vite/deps/react-dom_client.js?v=8a18eaf1:997:72)
    at performUnitOfWork (http://localhost:5173/node_modules/.vite/deps/react-dom_client.js?v=8a18eaf1:12561:98)
    at workLoopSync (http://localhost:5173/node_modules/.vite/deps/react-dom_client.js?v=8a18eaf1:12424:43)
    at renderRootSync (http://localhost:5173/node_modules/.vite/deps/react-dom_client.js?v=8a18eaf1:12408:13)
    at performWorkOnRoot (http://localhost:5173/node_modules/.vite/deps/react-dom_client.js?v=8a18eaf1:11827:37)
[  111326ms] [WARNING] %s

%s
 An error occurred in the <TimelineScrubber> component. Consider adding an error boundary to your tree to customize error handling behavior.
Visit https://react.dev/link/error-boundaries to learn more about error boundaries. @ http://localhost:5173/node_modules/.vite/deps/react-dom_client.js?v=8a18eaf1:6965
[  122611ms] Error: setRTLTextPlugin cannot be called multiple times.
    at le.<anonymous> (http://localhost:5173/node_modules/.vite/deps/maplibre-gl.js?v=1ef26563:14134:35)
    at Generator.next (<anonymous>)
    at http://localhost:5173/node_modules/.vite/deps/maplibre-gl.js?v=1ef26563:53:46
    at new Promise (<anonymous>)
    at Object.e [as _] (http://localhost:5173/node_modules/.vite/deps/maplibre-gl.js?v=1ef26563:32:18)
    at le.setRTLTextPlugin (http://localhost:5173/node_modules/.vite/deps/maplibre-gl.js?v=1ef26563:14133:22)
    at e.setRTLTextPlugin (http://localhost:5173/node_modules/.vite/deps/maplibre-gl.js?v=1ef26563:23501:23)
    at http://localhost:5173/src/components/atlas/AtlasMap.tsx?t=1772992928801:28:14
[  131317ms] Error: setRTLTextPlugin cannot be called multiple times.
    at le.<anonymous> (http://localhost:5173/node_modules/.vite/deps/maplibre-gl.js?v=1ef26563:14134:35)
    at Generator.next (<anonymous>)
    at http://localhost:5173/node_modules/.vite/deps/maplibre-gl.js?v=1ef26563:53:46
    at new Promise (<anonymous>)
    at Object.e [as _] (http://localhost:5173/node_modules/.vite/deps/maplibre-gl.js?v=1ef26563:32:18)
    at le.setRTLTextPlugin (http://localhost:5173/node_modules/.vite/deps/maplibre-gl.js?v=1ef26563:14133:22)
    at e.setRTLTextPlugin (http://localhost:5173/node_modules/.vite/deps/maplibre-gl.js?v=1ef26563:23501:23)
    at http://localhost:5173/src/components/atlas/AtlasMap.tsx?t=1772992937291:28:14
[  135808ms] Error: setRTLTextPlugin cannot be called multiple times.
    at le.<anonymous> (http://localhost:5173/node_modules/.vite/deps/maplibre-gl.js?v=1ef26563:14134:35)
    at Generator.next (<anonymous>)
    at http://localhost:5173/node_modules/.vite/deps/maplibre-gl.js?v=1ef26563:53:46
    at new Promise (<anonymous>)
    at Object.e [as _] (http://localhost:5173/node_modules/.vite/deps/maplibre-gl.js?v=1ef26563:32:18)
    at le.setRTLTextPlugin (http://localhost:5173/node_modules/.vite/deps/maplibre-gl.js?v=1ef26563:14133:22)
    at e.setRTLTextPlugin (http://localhost:5173/node_modules/.vite/deps/maplibre-gl.js?v=1ef26563:23501:23)
    at http://localhost:5173/src/components/atlas/AtlasMap.tsx?t=1772992942057:28:14
[  199884ms] Error: setRTLTextPlugin cannot be called multiple times.
    at le.<anonymous> (http://localhost:5173/node_modules/.vite/deps/maplibre-gl.js?v=1ef26563:14134:35)
    at Generator.next (<anonymous>)
    at http://localhost:5173/node_modules/.vite/deps/maplibre-gl.js?v=1ef26563:53:46
    at new Promise (<anonymous>)
    at Object.e [as _] (http://localhost:5173/node_modules/.vite/deps/maplibre-gl.js?v=1ef26563:32:18)
    at le.setRTLTextPlugin (http://localhost:5173/node_modules/.vite/deps/maplibre-gl.js?v=1ef26563:14133:22)
    at e.setRTLTextPlugin (http://localhost:5173/node_modules/.vite/deps/maplibre-gl.js?v=1ef26563:23501:23)
    at http://localhost:5173/src/components/atlas/AtlasMap.tsx?t=1772993006154:28:14
[  203686ms] Error: setRTLTextPlugin cannot be called multiple times.
    at le.<anonymous> (http://localhost:5173/node_modules/.vite/deps/maplibre-gl.js?v=1ef26563:14134:35)
    at Generator.next (<anonymous>)
    at http://localhost:5173/node_modules/.vite/deps/maplibre-gl.js?v=1ef26563:53:46
    at new Promise (<anonymous>)
    at Object.e [as _] (http://localhost:5173/node_modules/.vite/deps/maplibre-gl.js?v=1ef26563:32:18)
    at le.setRTLTextPlugin (http://localhost:5173/node_modules/.vite/deps/maplibre-gl.js?v=1ef26563:14133:22)
    at e.setRTLTextPlugin (http://localhost:5173/node_modules/.vite/deps/maplibre-gl.js?v=1ef26563:23501:23)
    at http://localhost:5173/src/components/atlas/AtlasMap.tsx?t=1772993009977:28:14
[  218571ms] Error: setRTLTextPlugin cannot be called multiple times.
    at le.<anonymous> (http://localhost:5173/node_modules/.vite/deps/maplibre-gl.js?v=1ef26563:14134:35)
    at Generator.next (<anonymous>)
    at http://localhost:5173/node_modules/.vite/deps/maplibre-gl.js?v=1ef26563:53:46
    at new Promise (<anonymous>)
    at Object.e [as _] (http://localhost:5173/node_modules/.vite/deps/maplibre-gl.js?v=1ef26563:32:18)
    at le.setRTLTextPlugin (http://localhost:5173/node_modules/.vite/deps/maplibre-gl.js?v=1ef26563:14133:22)
    at e.setRTLTextPlugin (http://localhost:5173/node_modules/.vite/deps/maplibre-gl.js?v=1ef26563:23501:23)
    at http://localhost:5173/src/components/atlas/AtlasMap.tsx?t=1772993024887:28:14
[  218781ms] [ERROR] Error: layers.river-vt-label.layout.min-zoom: unknown property "min-zoom"
    at Object.us [as B] (http://localhost:5173/node_modules/.vite/deps/maplibre-gl.js?v=1ef26563:3384:68)
    at Li (http://localhost:5173/node_modules/.vite/deps/maplibre-gl.js?v=1ef26563:18126:34)
    at Fi._validate (http://localhost:5173/node_modules/.vite/deps/maplibre-gl.js?v=1ef26563:18754:54)
    at Fi.addLayer (http://localhost:5173/node_modules/.vite/deps/maplibre-gl.js?v=1ef26563:18500:152)
    at e.Map.addLayer (http://localhost:5173/node_modules/.vite/deps/maplibre-gl.js?v=1ef26563:23072:59)
    at http://localhost:5173/src/components/atlas/AtlasMap.tsx?t=1772993024887:324:9
    at Object.react_stack_bottom_frame (http://localhost:5173/node_modules/.vite/deps/react-dom_client.js?v=8a18eaf1:18567:20)
    at runWithFiberInDEV (http://localhost:5173/node_modules/.vite/deps/react-dom_client.js?v=8a18eaf1:997:72)
    at commitHookEffectListMount (http://localhost:5173/node_modules/.vite/deps/react-dom_client.js?v=8a18eaf1:9411:163)
    at commitHookPassiveMountEffects (http://localhost:5173/node_modules/.vite/deps/react-dom_client.js?v=8a18eaf1:9465:60) @ http://localhost:5173/node_modules/.vite/deps/react-map-gl_maplibre.js?v=3d4b2423:257
