[    4787ms] [WARNING] Image "circle-11" could not be loaded. Please make sure you have added the image with map.addImage() or a "sprite" property in your style. You can provide missing images by listening for the "styleimagemissing" map event. @ http://localhost:5173/node_modules/.vite/deps/maplibre-gl.js?v=1ef26563:312
[    5148ms] [WARNING] Image "wood-pattern" could not be loaded. Please make sure you have added the image with map.addImage() or a "sprite" property in your style. You can provide missing images by listening for the "styleimagemissing" map event. @ http://localhost:5173/node_modules/.vite/deps/maplibre-gl.js?v=1ef26563:312
[  402351ms] [ERROR] Invalid hook call. Hooks can only be called inside of the body of a function component. This could happen for one of the following reasons:
1. You might have mismatching versions of React and the renderer (such as React DOM)
2. You might be breaking the Rules of Hooks
3. You might have more than one copy of React in the same app
See https://react.dev/link/invalid-hook-call for tips about how to debug and fix this problem. @ http://localhost:5173/node_modules/.vite/deps/chunk-KEQAXXRI.js?v=22a0a494:391
[  402357ms] [ERROR] Invalid hook call. Hooks can only be called inside of the body of a function component. This could happen for one of the following reasons:
1. You might have mismatching versions of React and the renderer (such as React DOM)
2. You might be breaking the Rules of Hooks
3. You might have more than one copy of React in the same app
See https://react.dev/link/invalid-hook-call for tips about how to debug and fix this problem. @ http://localhost:5173/node_modules/.vite/deps/chunk-KEQAXXRI.js?v=22a0a494:391
[  402395ms] TypeError: Cannot read properties of null (reading 'useMemo')
    at exports.useMemo (http://localhost:5173/node_modules/.vite/deps/chunk-KEQAXXRI.js?v=22a0a494:947:35)
    at useScope (http://localhost:5173/node_modules/.vite/deps/radix-ui.js?v=625384a6:363:21)
    at Popover (http://localhost:5173/node_modules/.vite/deps/radix-ui.js?v=625384a6:11212:23)
    at Object.react_stack_bottom_frame (http://localhost:5173/node_modules/.vite/deps/react-dom_client.js?v=8a18eaf1:18509:20)
    at renderWithHooks (http://localhost:5173/node_modules/.vite/deps/react-dom_client.js?v=8a18eaf1:5654:24)
    at updateFunctionComponent (http://localhost:5173/node_modules/.vite/deps/react-dom_client.js?v=8a18eaf1:7475:21)
    at beginWork (http://localhost:5173/node_modules/.vite/deps/react-dom_client.js?v=8a18eaf1:8525:20)
    at runWithFiberInDEV (http://localhost:5173/node_modules/.vite/deps/react-dom_client.js?v=8a18eaf1:997:72)
    at performUnitOfWork (http://localhost:5173/node_modules/.vite/deps/react-dom_client.js?v=8a18eaf1:12561:98)
    at workLoopSync (http://localhost:5173/node_modules/.vite/deps/react-dom_client.js?v=8a18eaf1:12424:43)
[  402369ms] [WARNING] %s

%s
 An error occurred in the <Popover> component. Consider adding an error boundary to your tree to customize error handling behavior.
Visit https://react.dev/link/error-boundaries to learn more about error boundaries. @ http://localhost:5173/node_modules/.vite/deps/react-dom_client.js?v=8a18eaf1:6965
[  402419ms] TypeError: Cannot read properties of undefined (reading 'getLayer')
    at e.Map.getLayer (http://localhost:5173/node_modules/.vite/deps/maplibre-gl.js?v=1ef26563:23081:31)
    at http://localhost:5173/src/components/atlas/DrawingLayers.tsx?t=1773015835180:547:15
    at Object.react_stack_bottom_frame (http://localhost:5173/node_modules/.vite/deps/react-dom_client.js?v=8a18eaf1:18573:13)
    at runWithFiberInDEV (http://localhost:5173/node_modules/.vite/deps/react-dom_client.js?v=8a18eaf1:997:72)
    at commitHookEffectListUnmount (http://localhost:5173/node_modules/.vite/deps/react-dom_client.js?v=8a18eaf1:9449:160)
    at commitHookPassiveUnmountEffects (http://localhost:5173/node_modules/.vite/deps/react-dom_client.js?v=8a18eaf1:9468:60)
    at commitPassiveUnmountEffectsInsideOfDeletedTree_begin (http://localhost:5173/node_modules/.vite/deps/react-dom_client.js?v=8a18eaf1:11593:15)
    at recursivelyTraversePassiveUnmountEffects (http://localhost:5173/node_modules/.vite/deps/react-dom_client.js?v=8a18eaf1:11465:15)
    at commitPassiveUnmountOnFiber (http://localhost:5173/node_modules/.vite/deps/react-dom_client.js?v=8a18eaf1:11498:13)
    at flushPassiveEffects (http://localhost:5173/node_modules/.vite/deps/react-dom_client.js?v=8a18eaf1:13146:11)
[  402414ms] [WARNING] %s

%s
 An error occurred in the <DrawingLayers> component. Consider adding an error boundary to your tree to customize error handling behavior.
Visit https://react.dev/link/error-boundaries to learn more about error boundaries. @ http://localhost:5173/node_modules/.vite/deps/react-dom_client.js?v=8a18eaf1:6965
[  402427ms] TypeError: Cannot read properties of undefined (reading 'getLayer')
    at e.Map.getLayer (http://localhost:5173/node_modules/.vite/deps/maplibre-gl.js?v=1ef26563:23081:31)
    at safeRemoveLayer (http://localhost:5173/src/components/atlas/FlightLayer.tsx?t=1773016026295:155:15)
    at Array.forEach (<anonymous>)
    at http://localhost:5173/src/components/atlas/FlightLayer.tsx?t=1773016026295:302:16
    at Object.react_stack_bottom_frame (http://localhost:5173/node_modules/.vite/deps/react-dom_client.js?v=8a18eaf1:18573:13)
    at runWithFiberInDEV (http://localhost:5173/node_modules/.vite/deps/react-dom_client.js?v=8a18eaf1:997:72)
    at commitHookEffectListUnmount (http://localhost:5173/node_modules/.vite/deps/react-dom_client.js?v=8a18eaf1:9449:160)
    at commitHookPassiveUnmountEffects (http://localhost:5173/node_modules/.vite/deps/react-dom_client.js?v=8a18eaf1:9468:60)
    at commitPassiveUnmountEffectsInsideOfDeletedTree_begin (http://localhost:5173/node_modules/.vite/deps/react-dom_client.js?v=8a18eaf1:11593:15)
    at recursivelyTraversePassiveUnmountEffects (http://localhost:5173/node_modules/.vite/deps/react-dom_client.js?v=8a18eaf1:11465:15)
[  402414ms] [WARNING] %s

%s
 An error occurred in the <FlightLayer> component. Consider adding an error boundary to your tree to customize error handling behavior.
Visit https://react.dev/link/error-boundaries to learn more about error boundaries. @ http://localhost:5173/node_modules/.vite/deps/react-dom_client.js?v=8a18eaf1:6965
[  790293ms] Error: setRTLTextPlugin cannot be called multiple times.
    at le.<anonymous> (http://localhost:5173/node_modules/.vite/deps/maplibre-gl.js?v=22a0a494:14134:35)
    at Generator.next (<anonymous>)
    at http://localhost:5173/node_modules/.vite/deps/maplibre-gl.js?v=22a0a494:53:46
    at new Promise (<anonymous>)
    at Object.e [as _] (http://localhost:5173/node_modules/.vite/deps/maplibre-gl.js?v=22a0a494:32:18)
    at le.setRTLTextPlugin (http://localhost:5173/node_modules/.vite/deps/maplibre-gl.js?v=22a0a494:14133:22)
    at e.setRTLTextPlugin (http://localhost:5173/node_modules/.vite/deps/maplibre-gl.js?v=22a0a494:23501:23)
    at http://localhost:5173/src/components/atlas/AtlasMap.tsx?t=1773016766140:30:14
[  998127ms] ReferenceError: Moon is not defined
    at MapLayerControls (http://localhost:5173/src/components/atlas/MapLayerControls.tsx?t=1773017066522:104:47)
    at Object.react_stack_bottom_frame (http://localhost:5173/node_modules/.vite/deps/react-dom_client.js?v=22a0a494:18509:20)
    at renderWithHooks (http://localhost:5173/node_modules/.vite/deps/react-dom_client.js?v=22a0a494:5654:24)
    at updateFunctionComponent (http://localhost:5173/node_modules/.vite/deps/react-dom_client.js?v=22a0a494:7475:21)
    at beginWork (http://localhost:5173/node_modules/.vite/deps/react-dom_client.js?v=22a0a494:8525:20)
    at runWithFiberInDEV (http://localhost:5173/node_modules/.vite/deps/react-dom_client.js?v=22a0a494:997:72)
    at performUnitOfWork (http://localhost:5173/node_modules/.vite/deps/react-dom_client.js?v=22a0a494:12561:98)
    at workLoopSync (http://localhost:5173/node_modules/.vite/deps/react-dom_client.js?v=22a0a494:12424:43)
    at renderRootSync (http://localhost:5173/node_modules/.vite/deps/react-dom_client.js?v=22a0a494:12408:13)
    at performWorkOnRoot (http://localhost:5173/node_modules/.vite/deps/react-dom_client.js?v=22a0a494:11827:37)
[  998116ms] [WARNING] %s

%s
 An error occurred in the <MapLayerControls> component. Consider adding an error boundary to your tree to customize error handling behavior.
Visit https://react.dev/link/error-boundaries to learn more about error boundaries. @ http://localhost:5173/node_modules/.vite/deps/react-dom_client.js?v=22a0a494:6965
[  998171ms] TypeError: Cannot read properties of undefined (reading 'getLayer')
    at e.Map.getLayer (http://localhost:5173/node_modules/.vite/deps/maplibre-gl.js?v=22a0a494:23081:31)
    at http://localhost:5173/src/components/atlas/DrawingLayers.tsx?t=1773015835180:547:15
    at Object.react_stack_bottom_frame (http://localhost:5173/node_modules/.vite/deps/react-dom_client.js?v=22a0a494:18573:13)
    at runWithFiberInDEV (http://localhost:5173/node_modules/.vite/deps/react-dom_client.js?v=22a0a494:997:72)
    at commitHookEffectListUnmount (http://localhost:5173/node_modules/.vite/deps/react-dom_client.js?v=22a0a494:9449:160)
    at commitHookPassiveUnmountEffects (http://localhost:5173/node_modules/.vite/deps/react-dom_client.js?v=22a0a494:9468:60)
    at commitPassiveUnmountEffectsInsideOfDeletedTree_begin (http://localhost:5173/node_modules/.vite/deps/react-dom_client.js?v=22a0a494:11593:15)
    at recursivelyTraversePassiveUnmountEffects (http://localhost:5173/node_modules/.vite/deps/react-dom_client.js?v=22a0a494:11465:15)
    at commitPassiveUnmountOnFiber (http://localhost:5173/node_modules/.vite/deps/react-dom_client.js?v=22a0a494:11498:13)
    at flushPassiveEffects (http://localhost:5173/node_modules/.vite/deps/react-dom_client.js?v=22a0a494:13146:11)
[  998161ms] [WARNING] %s

%s
 An error occurred in the <DrawingLayers> component. Consider adding an error boundary to your tree to customize error handling behavior.
Visit https://react.dev/link/error-boundaries to learn more about error boundaries. @ http://localhost:5173/node_modules/.vite/deps/react-dom_client.js?v=22a0a494:6965
[  998173ms] TypeError: Cannot read properties of undefined (reading 'getLayer')
    at e.Map.getLayer (http://localhost:5173/node_modules/.vite/deps/maplibre-gl.js?v=22a0a494:23081:31)
    at safeRemoveLayer (http://localhost:5173/src/components/atlas/FlightLayer.tsx?t=1773016366643:155:15)
    at Array.forEach (<anonymous>)
    at http://localhost:5173/src/components/atlas/FlightLayer.tsx?t=1773016366643:271:16
    at Object.react_stack_bottom_frame (http://localhost:5173/node_modules/.vite/deps/react-dom_client.js?v=22a0a494:18573:13)
    at runWithFiberInDEV (http://localhost:5173/node_modules/.vite/deps/react-dom_client.js?v=22a0a494:997:72)
    at commitHookEffectListUnmount (http://localhost:5173/node_modules/.vite/deps/react-dom_client.js?v=22a0a494:9449:160)
    at commitHookPassiveUnmountEffects (http://localhost:5173/node_modules/.vite/deps/react-dom_client.js?v=22a0a494:9468:60)
    at commitPassiveUnmountEffectsInsideOfDeletedTree_begin (http://localhost:5173/node_modules/.vite/deps/react-dom_client.js?v=22a0a494:11593:15)
    at recursivelyTraversePassiveUnmountEffects (http://localhost:5173/node_modules/.vite/deps/react-dom_client.js?v=22a0a494:11465:15)
[  998161ms] [WARNING] %s

%s
 An error occurred in the <FlightLayer> component. Consider adding an error boundary to your tree to customize error handling behavior.
Visit https://react.dev/link/error-boundaries to learn more about error boundaries. @ http://localhost:5173/node_modules/.vite/deps/react-dom_client.js?v=22a0a494:6965
[  998176ms] TypeError: Cannot read properties of undefined (reading 'getLayer')
    at e.Map.getLayer (http://localhost:5173/node_modules/.vite/deps/maplibre-gl.js?v=22a0a494:23081:31)
    at safeRemoveLayer (http://localhost:5173/src/components/atlas/ShipLayer.tsx?t=1773016393046:149:15)
    at Array.forEach (<anonymous>)
    at http://localhost:5173/src/components/atlas/ShipLayer.tsx?t=1773016393046:253:16
    at Object.react_stack_bottom_frame (http://localhost:5173/node_modules/.vite/deps/react-dom_client.js?v=22a0a494:18573:13)
    at runWithFiberInDEV (http://localhost:5173/node_modules/.vite/deps/react-dom_client.js?v=22a0a494:997:72)
    at commitHookEffectListUnmount (http://localhost:5173/node_modules/.vite/deps/react-dom_client.js?v=22a0a494:9449:160)
    at commitHookPassiveUnmountEffects (http://localhost:5173/node_modules/.vite/deps/react-dom_client.js?v=22a0a494:9468:60)
    at commitPassiveUnmountEffectsInsideOfDeletedTree_begin (http://localhost:5173/node_modules/.vite/deps/react-dom_client.js?v=22a0a494:11593:15)
    at recursivelyTraversePassiveUnmountEffects (http://localhost:5173/node_modules/.vite/deps/react-dom_client.js?v=22a0a494:11465:15)
[  998161ms] [WARNING] %s

%s
 An error occurred in the <ShipLayer> component. Consider adding an error boundary to your tree to customize error handling behavior.
Visit https://react.dev/link/error-boundaries to learn more about error boundaries. @ http://localhost:5173/node_modules/.vite/deps/react-dom_client.js?v=22a0a494:6965
[ 1001638ms] ReferenceError: Moon is not defined
    at MapLayerControls (http://localhost:5173/src/components/atlas/MapLayerControls.tsx?t=1773017070649:104:47)
    at Object.react_stack_bottom_frame (http://localhost:5173/node_modules/.vite/deps/react-dom_client.js?v=22a0a494:18509:20)
    at renderWithHooks (http://localhost:5173/node_modules/.vite/deps/react-dom_client.js?v=22a0a494:5654:24)
    at updateFunctionComponent (http://localhost:5173/node_modules/.vite/deps/react-dom_client.js?v=22a0a494:7475:21)
    at beginWork (http://localhost:5173/node_modules/.vite/deps/react-dom_client.js?v=22a0a494:8525:20)
    at runWithFiberInDEV (http://localhost:5173/node_modules/.vite/deps/react-dom_client.js?v=22a0a494:997:72)
    at performUnitOfWork (http://localhost:5173/node_modules/.vite/deps/react-dom_client.js?v=22a0a494:12561:98)
    at workLoopSync (http://localhost:5173/node_modules/.vite/deps/react-dom_client.js?v=22a0a494:12424:43)
    at renderRootSync (http://localhost:5173/node_modules/.vite/deps/react-dom_client.js?v=22a0a494:12408:13)
    at performWorkOnRoot (http://localhost:5173/node_modules/.vite/deps/react-dom_client.js?v=22a0a494:11827:37)
[ 1001632ms] [WARNING] %s

%s
 An error occurred in the <MapLayerControls> component. Consider adding an error boundary to your tree to customize error handling behavior.
Visit https://react.dev/link/error-boundaries to learn more about error boundaries. @ http://localhost:5173/node_modules/.vite/deps/react-dom_client.js?v=22a0a494:6965
[ 1005005ms] ReferenceError: onToggleTheme is not defined
    at MapLayerControls (http://localhost:5173/src/components/atlas/MapLayerControls.tsx?t=1773017074027:97:20)
    at Object.react_stack_bottom_frame (http://localhost:5173/node_modules/.vite/deps/react-dom_client.js?v=22a0a494:18509:20)
    at renderWithHooks (http://localhost:5173/node_modules/.vite/deps/react-dom_client.js?v=22a0a494:5654:24)
    at updateFunctionComponent (http://localhost:5173/node_modules/.vite/deps/react-dom_client.js?v=22a0a494:7475:21)
    at beginWork (http://localhost:5173/node_modules/.vite/deps/react-dom_client.js?v=22a0a494:8525:20)
    at runWithFiberInDEV (http://localhost:5173/node_modules/.vite/deps/react-dom_client.js?v=22a0a494:997:72)
    at performUnitOfWork (http://localhost:5173/node_modules/.vite/deps/react-dom_client.js?v=22a0a494:12561:98)
    at workLoopSync (http://localhost:5173/node_modules/.vite/deps/react-dom_client.js?v=22a0a494:12424:43)
    at renderRootSync (http://localhost:5173/node_modules/.vite/deps/react-dom_client.js?v=22a0a494:12408:13)
    at performWorkOnRoot (http://localhost:5173/node_modules/.vite/deps/react-dom_client.js?v=22a0a494:11827:37)
[ 1005005ms] [WARNING] %s

%s
 An error occurred in the <MapLayerControls> component. Consider adding an error boundary to your tree to customize error handling behavior.
Visit https://react.dev/link/error-boundaries to learn more about error boundaries. @ http://localhost:5173/node_modules/.vite/deps/react-dom_client.js?v=22a0a494:6965
[ 1009637ms] ReferenceError: onToggleTheme is not defined
    at MapLayerControls (http://localhost:5173/src/components/atlas/MapLayerControls.tsx?t=1773017078661:97:20)
    at Object.react_stack_bottom_frame (http://localhost:5173/node_modules/.vite/deps/react-dom_client.js?v=22a0a494:18509:20)
    at renderWithHooks (http://localhost:5173/node_modules/.vite/deps/react-dom_client.js?v=22a0a494:5654:24)
    at updateFunctionComponent (http://localhost:5173/node_modules/.vite/deps/react-dom_client.js?v=22a0a494:7475:21)
    at beginWork (http://localhost:5173/node_modules/.vite/deps/react-dom_client.js?v=22a0a494:8525:20)
    at runWithFiberInDEV (http://localhost:5173/node_modules/.vite/deps/react-dom_client.js?v=22a0a494:997:72)
    at performUnitOfWork (http://localhost:5173/node_modules/.vite/deps/react-dom_client.js?v=22a0a494:12561:98)
    at workLoopSync (http://localhost:5173/node_modules/.vite/deps/react-dom_client.js?v=22a0a494:12424:43)
    at renderRootSync (http://localhost:5173/node_modules/.vite/deps/react-dom_client.js?v=22a0a494:12408:13)
    at performWorkOnRoot (http://localhost:5173/node_modules/.vite/deps/react-dom_client.js?v=22a0a494:11827:37)
[ 1009637ms] [WARNING] %s

%s
 An error occurred in the <MapLayerControls> component. Consider adding an error boundary to your tree to customize error handling behavior.
Visit https://react.dev/link/error-boundaries to learn more about error boundaries. @ http://localhost:5173/node_modules/.vite/deps/react-dom_client.js?v=22a0a494:6965
[ 1068978ms] Error: setRTLTextPlugin cannot be called multiple times.
    at le.<anonymous> (http://localhost:5173/node_modules/.vite/deps/maplibre-gl.js?v=22a0a494:14134:35)
    at Generator.next (<anonymous>)
    at http://localhost:5173/node_modules/.vite/deps/maplibre-gl.js?v=22a0a494:53:46
    at new Promise (<anonymous>)
    at Object.e [as _] (http://localhost:5173/node_modules/.vite/deps/maplibre-gl.js?v=22a0a494:32:18)
    at le.setRTLTextPlugin (http://localhost:5173/node_modules/.vite/deps/maplibre-gl.js?v=22a0a494:14133:22)
    at e.setRTLTextPlugin (http://localhost:5173/node_modules/.vite/deps/maplibre-gl.js?v=22a0a494:23501:23)
    at http://localhost:5173/src/components/atlas/AtlasMap.tsx?t=1773016918035:30:14
[ 1073407ms] TypeError: Cannot read properties of undefined (reading 'getLayer')
    at e.Map.getLayer (http://localhost:5173/node_modules/.vite/deps/maplibre-gl.js?v=22a0a494:23081:31)
    at http://localhost:5173/src/components/atlas/DrawingLayers.tsx?t=1773016918035:572:15
    at Object.react_stack_bottom_frame (http://localhost:5173/node_modules/.vite/deps/react-dom_client.js?v=22a0a494:18573:13)
    at runWithFiberInDEV (http://localhost:5173/node_modules/.vite/deps/react-dom_client.js?v=22a0a494:997:72)
    at commitHookEffectListUnmount (http://localhost:5173/node_modules/.vite/deps/react-dom_client.js?v=22a0a494:9449:160)
    at commitHookPassiveUnmountEffects (http://localhost:5173/node_modules/.vite/deps/react-dom_client.js?v=22a0a494:9468:60)
    at commitPassiveUnmountEffectsInsideOfDeletedTree_begin (http://localhost:5173/node_modules/.vite/deps/react-dom_client.js?v=22a0a494:11593:15)
    at recursivelyTraversePassiveUnmountEffects (http://localhost:5173/node_modules/.vite/deps/react-dom_client.js?v=22a0a494:11465:15)
    at commitPassiveUnmountOnFiber (http://localhost:5173/node_modules/.vite/deps/react-dom_client.js?v=22a0a494:11516:13)
    at recursivelyTraversePassiveUnmountEffects (http://localhost:5173/node_modules/.vite/deps/react-dom_client.js?v=22a0a494:11481:13)
[ 1073402ms] [WARNING] %s

%s
 An error occurred in the <DrawingLayers> component. Consider adding an error boundary to your tree to customize error handling behavior.
Visit https://react.dev/link/error-boundaries to learn more about error boundaries. @ http://localhost:5173/node_modules/.vite/deps/react-dom_client.js?v=22a0a494:6965
[ 1073414ms] TypeError: Cannot read properties of undefined (reading 'getLayer')
    at e.Map.getLayer (http://localhost:5173/node_modules/.vite/deps/maplibre-gl.js?v=22a0a494:23081:31)
    at safeRemoveLayer (http://localhost:5173/src/components/atlas/FlightLayer.tsx?t=1773016366643:155:15)
    at Array.forEach (<anonymous>)
    at http://localhost:5173/src/components/atlas/FlightLayer.tsx?t=1773016366643:271:16
    at Object.react_stack_bottom_frame (http://localhost:5173/node_modules/.vite/deps/react-dom_client.js?v=22a0a494:18573:13)
    at runWithFiberInDEV (http://localhost:5173/node_modules/.vite/deps/react-dom_client.js?v=22a0a494:997:72)
    at commitHookEffectListUnmount (http://localhost:5173/node_modules/.vite/deps/react-dom_client.js?v=22a0a494:9449:160)
    at commitHookPassiveUnmountEffects (http://localhost:5173/node_modules/.vite/deps/react-dom_client.js?v=22a0a494:9468:60)
    at commitPassiveUnmountEffectsInsideOfDeletedTree_begin (http://localhost:5173/node_modules/.vite/deps/react-dom_client.js?v=22a0a494:11593:15)
    at recursivelyTraversePassiveUnmountEffects (http://localhost:5173/node_modules/.vite/deps/react-dom_client.js?v=22a0a494:11465:15)
[ 1073402ms] [WARNING] %s

%s
 An error occurred in the <FlightLayer> component. Consider adding an error boundary to your tree to customize error handling behavior.
Visit https://react.dev/link/error-boundaries to learn more about error boundaries. @ http://localhost:5173/node_modules/.vite/deps/react-dom_client.js?v=22a0a494:6965
[ 1073418ms] TypeError: Cannot read properties of undefined (reading 'getLayer')
    at e.Map.getLayer (http://localhost:5173/node_modules/.vite/deps/maplibre-gl.js?v=22a0a494:23081:31)
    at safeRemoveLayer (http://localhost:5173/src/components/atlas/ShipLayer.tsx?t=1773016393046:149:15)
    at Array.forEach (<anonymous>)
    at http://localhost:5173/src/components/atlas/ShipLayer.tsx?t=1773016393046:253:16
    at Object.react_stack_bottom_frame (http://localhost:5173/node_modules/.vite/deps/react-dom_client.js?v=22a0a494:18573:13)
    at runWithFiberInDEV (http://localhost:5173/node_modules/.vite/deps/react-dom_client.js?v=22a0a494:997:72)
    at commitHookEffectListUnmount (http://localhost:5173/node_modules/.vite/deps/react-dom_client.js?v=22a0a494:9449:160)
    at commitHookPassiveUnmountEffects (http://localhost:5173/node_modules/.vite/deps/react-dom_client.js?v=22a0a494:9468:60)
    at commitPassiveUnmountEffectsInsideOfDeletedTree_begin (http://localhost:5173/node_modules/.vite/deps/react-dom_client.js?v=22a0a494:11593:15)
    at recursivelyTraversePassiveUnmountEffects (http://localhost:5173/node_modules/.vite/deps/react-dom_client.js?v=22a0a494:11465:15)
[ 1073402ms] [WARNING] %s

%s
 An error occurred in the <ShipLayer> component. Consider adding an error boundary to your tree to customize error handling behavior.
Visit https://react.dev/link/error-boundaries to learn more about error boundaries. @ http://localhost:5173/node_modules/.vite/deps/react-dom_client.js?v=22a0a494:6965
[ 1168334ms] Error: setRTLTextPlugin cannot be called multiple times.
    at le.<anonymous> (http://localhost:5173/node_modules/.vite/deps/maplibre-gl.js?v=22a0a494:14134:35)
    at Generator.next (<anonymous>)
    at http://localhost:5173/node_modules/.vite/deps/maplibre-gl.js?v=22a0a494:53:46
    at new Promise (<anonymous>)
    at Object.e [as _] (http://localhost:5173/node_modules/.vite/deps/maplibre-gl.js?v=22a0a494:32:18)
    at le.setRTLTextPlugin (http://localhost:5173/node_modules/.vite/deps/maplibre-gl.js?v=22a0a494:14133:22)
    at e.setRTLTextPlugin (http://localhost:5173/node_modules/.vite/deps/maplibre-gl.js?v=22a0a494:23501:23)
    at http://localhost:5173/src/components/atlas/AtlasMap.tsx?t=1773017235847:30:14
[ 1168830ms] TypeError: Cannot read properties of undefined (reading 'getLayer')
    at e.Map.getLayer (http://localhost:5173/node_modules/.vite/deps/maplibre-gl.js?v=22a0a494:23081:31)
    at http://localhost:5173/src/components/atlas/DrawingLayers.tsx?t=1773016918035:572:15
    at Object.react_stack_bottom_frame (http://localhost:5173/node_modules/.vite/deps/react-dom_client.js?v=22a0a494:18573:13)
    at runWithFiberInDEV (http://localhost:5173/node_modules/.vite/deps/react-dom_client.js?v=22a0a494:997:72)
    at commitHookEffectListUnmount (http://localhost:5173/node_modules/.vite/deps/react-dom_client.js?v=22a0a494:9449:160)
    at commitHookPassiveUnmountEffects (http://localhost:5173/node_modules/.vite/deps/react-dom_client.js?v=22a0a494:9468:60)
    at commitPassiveUnmountEffectsInsideOfDeletedTree_begin (http://localhost:5173/node_modules/.vite/deps/react-dom_client.js?v=22a0a494:11593:15)
    at recursivelyTraversePassiveUnmountEffects (http://localhost:5173/node_modules/.vite/deps/react-dom_client.js?v=22a0a494:11465:15)
    at commitPassiveUnmountOnFiber (http://localhost:5173/node_modules/.vite/deps/react-dom_client.js?v=22a0a494:11516:13)
    at recursivelyTraversePassiveUnmountEffects (http://localhost:5173/node_modules/.vite/deps/react-dom_client.js?v=22a0a494:11481:13)
[ 1168756ms] [WARNING] %s

%s
 An error occurred in the <DrawingLayers> component. Consider adding an error boundary to your tree to customize error handling behavior.
Visit https://react.dev/link/error-boundaries to learn more about error boundaries. @ http://localhost:5173/node_modules/.vite/deps/react-dom_client.js?v=22a0a494:6965
[ 1168901ms] TypeError: Cannot read properties of undefined (reading 'getLayer')
    at e.Map.getLayer (http://localhost:5173/node_modules/.vite/deps/maplibre-gl.js?v=22a0a494:23081:31)
    at safeRemoveLayer (http://localhost:5173/src/components/atlas/FlightLayer.tsx?t=1773016366643:155:15)
    at Array.forEach (<anonymous>)
    at http://localhost:5173/src/components/atlas/FlightLayer.tsx?t=1773016366643:271:16
    at Object.react_stack_bottom_frame (http://localhost:5173/node_modules/.vite/deps/react-dom_client.js?v=22a0a494:18573:13)
    at runWithFiberInDEV (http://localhost:5173/node_modules/.vite/deps/react-dom_client.js?v=22a0a494:997:72)
    at commitHookEffectListUnmount (http://localhost:5173/node_modules/.vite/deps/react-dom_client.js?v=22a0a494:9449:160)
    at commitHookPassiveUnmountEffects (http://localhost:5173/node_modules/.vite/deps/react-dom_client.js?v=22a0a494:9468:60)
    at commitPassiveUnmountEffectsInsideOfDeletedTree_begin (http://localhost:5173/node_modules/.vite/deps/react-dom_client.js?v=22a0a494:11593:15)
    at recursivelyTraversePassiveUnmountEffects (http://localhost:5173/node_modules/.vite/deps/react-dom_client.js?v=22a0a494:11465:15)
[ 1168756ms] [WARNING] %s

%s
 An error occurred in the <FlightLayer> component. Consider adding an error boundary to your tree to customize error handling behavior.
Visit https://react.dev/link/error-boundaries to learn more about error boundaries. @ http://localhost:5173/node_modules/.vite/deps/react-dom_client.js?v=22a0a494:6965
[ 1168915ms] TypeError: Cannot read properties of undefined (reading 'getLayer')
    at e.Map.getLayer (http://localhost:5173/node_modules/.vite/deps/maplibre-gl.js?v=22a0a494:23081:31)
    at safeRemoveLayer (http://localhost:5173/src/components/atlas/ShipLayer.tsx?t=1773016393046:149:15)
    at Array.forEach (<anonymous>)
    at http://localhost:5173/src/components/atlas/ShipLayer.tsx?t=1773016393046:253:16
    at Object.react_stack_bottom_frame (http://localhost:5173/node_modules/.vite/deps/react-dom_client.js?v=22a0a494:18573:13)
    at runWithFiberInDEV (http://localhost:5173/node_modules/.vite/deps/react-dom_client.js?v=22a0a494:997:72)
    at commitHookEffectListUnmount (http://localhost:5173/node_modules/.vite/deps/react-dom_client.js?v=22a0a494:9449:160)
    at commitHookPassiveUnmountEffects (http://localhost:5173/node_modules/.vite/deps/react-dom_client.js?v=22a0a494:9468:60)
    at commitPassiveUnmountEffectsInsideOfDeletedTree_begin (http://localhost:5173/node_modules/.vite/deps/react-dom_client.js?v=22a0a494:11593:15)
    at recursivelyTraversePassiveUnmountEffects (http://localhost:5173/node_modules/.vite/deps/react-dom_client.js?v=22a0a494:11465:15)
[ 1168756ms] [WARNING] %s

%s
 An error occurred in the <ShipLayer> component. Consider adding an error boundary to your tree to customize error handling behavior.
Visit https://react.dev/link/error-boundaries to learn more about error boundaries. @ http://localhost:5173/node_modules/.vite/deps/react-dom_client.js?v=22a0a494:6965
[ 1206635ms] TypeError: Cannot read properties of undefined (reading 'getLayer')
    at e.Map.getLayer (http://localhost:5173/node_modules/.vite/deps/maplibre-gl.js?v=22a0a494:23081:31)
    at http://localhost:5173/src/components/atlas/DrawingLayers.tsx?t=1773016918035:572:15
    at Object.react_stack_bottom_frame (http://localhost:5173/node_modules/.vite/deps/react-dom_client.js?v=22a0a494:18573:13)
    at runWithFiberInDEV (http://localhost:5173/node_modules/.vite/deps/react-dom_client.js?v=22a0a494:997:72)
    at commitHookEffectListUnmount (http://localhost:5173/node_modules/.vite/deps/react-dom_client.js?v=22a0a494:9449:160)
    at commitHookPassiveUnmountEffects (http://localhost:5173/node_modules/.vite/deps/react-dom_client.js?v=22a0a494:9468:60)
    at commitPassiveUnmountEffectsInsideOfDeletedTree_begin (http://localhost:5173/node_modules/.vite/deps/react-dom_client.js?v=22a0a494:11593:15)
    at recursivelyTraversePassiveUnmountEffects (http://localhost:5173/node_modules/.vite/deps/react-dom_client.js?v=22a0a494:11465:15)
    at commitPassiveUnmountOnFiber (http://localhost:5173/node_modules/.vite/deps/react-dom_client.js?v=22a0a494:11516:13)
    at recursivelyTraversePassiveUnmountEffects (http://localhost:5173/node_modules/.vite/deps/react-dom_client.js?v=22a0a494:11481:13)
[ 1206634ms] [WARNING] %s

%s
 An error occurred in the <DrawingLayers> component. Consider adding an error boundary to your tree to customize error handling behavior.
Visit https://react.dev/link/error-boundaries to learn more about error boundaries. @ http://localhost:5173/node_modules/.vite/deps/react-dom_client.js?v=22a0a494:6965
[ 1206636ms] TypeError: Cannot read properties of undefined (reading 'getLayer')
    at e.Map.getLayer (http://localhost:5173/node_modules/.vite/deps/maplibre-gl.js?v=22a0a494:23081:31)
    at safeRemoveLayer (http://localhost:5173/src/components/atlas/FlightLayer.tsx?t=1773016366643:155:15)
    at Array.forEach (<anonymous>)
    at http://localhost:5173/src/components/atlas/FlightLayer.tsx?t=1773016366643:271:16
    at Object.react_stack_bottom_frame (http://localhost:5173/node_modules/.vite/deps/react-dom_client.js?v=22a0a494:18573:13)
    at runWithFiberInDEV (http://localhost:5173/node_modules/.vite/deps/react-dom_client.js?v=22a0a494:997:72)
    at commitHookEffectListUnmount (http://localhost:5173/node_modules/.vite/deps/react-dom_client.js?v=22a0a494:9449:160)
    at commitHookPassiveUnmountEffects (http://localhost:5173/node_modules/.vite/deps/react-dom_client.js?v=22a0a494:9468:60)
    at commitPassiveUnmountEffectsInsideOfDeletedTree_begin (http://localhost:5173/node_modules/.vite/deps/react-dom_client.js?v=22a0a494:11593:15)
    at recursivelyTraversePassiveUnmountEffects (http://localhost:5173/node_modules/.vite/deps/react-dom_client.js?v=22a0a494:11465:15)
[ 1206634ms] [WARNING] %s

%s
 An error occurred in the <FlightLayer> component. Consider adding an error boundary to your tree to customize error handling behavior.
Visit https://react.dev/link/error-boundaries to learn more about error boundaries. @ http://localhost:5173/node_modules/.vite/deps/react-dom_client.js?v=22a0a494:6965
[ 1206636ms] TypeError: Cannot read properties of undefined (reading 'getLayer')
    at e.Map.getLayer (http://localhost:5173/node_modules/.vite/deps/maplibre-gl.js?v=22a0a494:23081:31)
    at safeRemoveLayer (http://localhost:5173/src/components/atlas/ShipLayer.tsx?t=1773016393046:149:15)
    at Array.forEach (<anonymous>)
    at http://localhost:5173/src/components/atlas/ShipLayer.tsx?t=1773016393046:253:16
    at Object.react_stack_bottom_frame (http://localhost:5173/node_modules/.vite/deps/react-dom_client.js?v=22a0a494:18573:13)
    at runWithFiberInDEV (http://localhost:5173/node_modules/.vite/deps/react-dom_client.js?v=22a0a494:997:72)
    at commitHookEffectListUnmount (http://localhost:5173/node_modules/.vite/deps/react-dom_client.js?v=22a0a494:9449:160)
    at commitHookPassiveUnmountEffects (http://localhost:5173/node_modules/.vite/deps/react-dom_client.js?v=22a0a494:9468:60)
    at commitPassiveUnmountEffectsInsideOfDeletedTree_begin (http://localhost:5173/node_modules/.vite/deps/react-dom_client.js?v=22a0a494:11593:15)
    at recursivelyTraversePassiveUnmountEffects (http://localhost:5173/node_modules/.vite/deps/react-dom_client.js?v=22a0a494:11465:15)
[ 1206634ms] [WARNING] %s

%s
 An error occurred in the <ShipLayer> component. Consider adding an error boundary to your tree to customize error handling behavior.
Visit https://react.dev/link/error-boundaries to learn more about error boundaries. @ http://localhost:5173/node_modules/.vite/deps/react-dom_client.js?v=22a0a494:6965
[ 1215145ms] Error: setRTLTextPlugin cannot be called multiple times.
    at le.<anonymous> (http://localhost:5173/node_modules/.vite/deps/maplibre-gl.js?v=22a0a494:14134:35)
    at Generator.next (<anonymous>)
    at http://localhost:5173/node_modules/.vite/deps/maplibre-gl.js?v=22a0a494:53:46
    at new Promise (<anonymous>)
    at Object.e [as _] (http://localhost:5173/node_modules/.vite/deps/maplibre-gl.js?v=22a0a494:32:18)
    at le.setRTLTextPlugin (http://localhost:5173/node_modules/.vite/deps/maplibre-gl.js?v=22a0a494:14133:22)
    at e.setRTLTextPlugin (http://localhost:5173/node_modules/.vite/deps/maplibre-gl.js?v=22a0a494:23501:23)
    at http://localhost:5173/src/components/atlas/AtlasMap.tsx?t=1773017284170:30:14
[ 1239910ms] Error: setRTLTextPlugin cannot be called multiple times.
    at le.<anonymous> (http://localhost:5173/node_modules/.vite/deps/maplibre-gl.js?v=22a0a494:14134:35)
    at Generator.next (<anonymous>)
    at http://localhost:5173/node_modules/.vite/deps/maplibre-gl.js?v=22a0a494:53:46
    at new Promise (<anonymous>)
    at Object.e [as _] (http://localhost:5173/node_modules/.vite/deps/maplibre-gl.js?v=22a0a494:32:18)
    at le.setRTLTextPlugin (http://localhost:5173/node_modules/.vite/deps/maplibre-gl.js?v=22a0a494:14133:22)
    at e.setRTLTextPlugin (http://localhost:5173/node_modules/.vite/deps/maplibre-gl.js?v=22a0a494:23501:23)
    at http://localhost:5173/src/components/atlas/AtlasMap.tsx?t=1773017308037:31:14
[ 1240069ms] TypeError: Cannot read properties of undefined (reading 'getLayer')
    at e.Map.getLayer (http://localhost:5173/node_modules/.vite/deps/maplibre-gl.js?v=22a0a494:23081:31)
    at http://localhost:5173/src/components/atlas/DrawingLayers.tsx?t=1773016918035:572:15
    at Object.react_stack_bottom_frame (http://localhost:5173/node_modules/.vite/deps/react-dom_client.js?v=22a0a494:18573:13)
    at runWithFiberInDEV (http://localhost:5173/node_modules/.vite/deps/react-dom_client.js?v=22a0a494:997:72)
    at commitHookEffectListUnmount (http://localhost:5173/node_modules/.vite/deps/react-dom_client.js?v=22a0a494:9449:160)
    at commitHookPassiveUnmountEffects (http://localhost:5173/node_modules/.vite/deps/react-dom_client.js?v=22a0a494:9468:60)
    at commitPassiveUnmountEffectsInsideOfDeletedTree_begin (http://localhost:5173/node_modules/.vite/deps/react-dom_client.js?v=22a0a494:11593:15)
    at recursivelyTraversePassiveUnmountEffects (http://localhost:5173/node_modules/.vite/deps/react-dom_client.js?v=22a0a494:11465:15)
    at commitPassiveUnmountOnFiber (http://localhost:5173/node_modules/.vite/deps/react-dom_client.js?v=22a0a494:11516:13)
    at recursivelyTraversePassiveUnmountEffects (http://localhost:5173/node_modules/.vite/deps/react-dom_client.js?v=22a0a494:11481:13)
[ 1240051ms] [WARNING] %s

%s
 An error occurred in the <DrawingLayers> component. Consider adding an error boundary to your tree to customize error handling behavior.
Visit https://react.dev/link/error-boundaries to learn more about error boundaries. @ http://localhost:5173/node_modules/.vite/deps/react-dom_client.js?v=22a0a494:6965
[ 1240071ms] TypeError: Cannot read properties of undefined (reading 'getLayer')
    at e.Map.getLayer (http://localhost:5173/node_modules/.vite/deps/maplibre-gl.js?v=22a0a494:23081:31)
    at safeRemoveLayer (http://localhost:5173/src/components/atlas/FlightLayer.tsx?t=1773016366643:155:15)
    at Array.forEach (<anonymous>)
    at http://localhost:5173/src/components/atlas/FlightLayer.tsx?t=1773016366643:271:16
    at Object.react_stack_bottom_frame (http://localhost:5173/node_modules/.vite/deps/react-dom_client.js?v=22a0a494:18573:13)
    at runWithFiberInDEV (http://localhost:5173/node_modules/.vite/deps/react-dom_client.js?v=22a0a494:997:72)
    at commitHookEffectListUnmount (http://localhost:5173/node_modules/.vite/deps/react-dom_client.js?v=22a0a494:9449:160)
    at commitHookPassiveUnmountEffects (http://localhost:5173/node_modules/.vite/deps/react-dom_client.js?v=22a0a494:9468:60)
    at commitPassiveUnmountEffectsInsideOfDeletedTree_begin (http://localhost:5173/node_modules/.vite/deps/react-dom_client.js?v=22a0a494:11593:15)
    at recursivelyTraversePassiveUnmountEffects (http://localhost:5173/node_modules/.vite/deps/react-dom_client.js?v=22a0a494:11465:15)
[ 1240051ms] [WARNING] %s

%s
 An error occurred in the <FlightLayer> component. Consider adding an error boundary to your tree to customize error handling behavior.
Visit https://react.dev/link/error-boundaries to learn more about error boundaries. @ http://localhost:5173/node_modules/.vite/deps/react-dom_client.js?v=22a0a494:6965
[ 1240072ms] TypeError: Cannot read properties of undefined (reading 'getLayer')
    at e.Map.getLayer (http://localhost:5173/node_modules/.vite/deps/maplibre-gl.js?v=22a0a494:23081:31)
    at safeRemoveLayer (http://localhost:5173/src/components/atlas/ShipLayer.tsx?t=1773016393046:149:15)
    at Array.forEach (<anonymous>)
    at http://localhost:5173/src/components/atlas/ShipLayer.tsx?t=1773016393046:253:16
    at Object.react_stack_bottom_frame (http://localhost:5173/node_modules/.vite/deps/react-dom_client.js?v=22a0a494:18573:13)
    at runWithFiberInDEV (http://localhost:5173/node_modules/.vite/deps/react-dom_client.js?v=22a0a494:997:72)
    at commitHookEffectListUnmount (http://localhost:5173/node_modules/.vite/deps/react-dom_client.js?v=22a0a494:9449:160)
    at commitHookPassiveUnmountEffects (http://localhost:5173/node_modules/.vite/deps/react-dom_client.js?v=22a0a494:9468:60)
    at commitPassiveUnmountEffectsInsideOfDeletedTree_begin (http://localhost:5173/node_modules/.vite/deps/react-dom_client.js?v=22a0a494:11593:15)
    at recursivelyTraversePassiveUnmountEffects (http://localhost:5173/node_modules/.vite/deps/react-dom_client.js?v=22a0a494:11465:15)
[ 1240051ms] [WARNING] %s

%s
 An error occurred in the <ShipLayer> component. Consider adding an error boundary to your tree to customize error handling behavior.
Visit https://react.dev/link/error-boundaries to learn more about error boundaries. @ http://localhost:5173/node_modules/.vite/deps/react-dom_client.js?v=22a0a494:6965
