[     758ms] [ERROR] Failed to load resource: the server responded with a status of 404 (Not Found) @ http://localhost:5173/favicon.ico:0
[    1566ms] [ERROR] Error @ http://localhost:5173/node_modules/.vite/deps/react-map-gl_maplibre.js?v=d1698ab9:258
[    1567ms] [ERROR] Error @ http://localhost:5173/node_modules/.vite/deps/react-map-gl_maplibre.js?v=d1698ab9:258
[   18767ms] [WARNING] You are using the same source for a hillshade layer and for 3D terrain. Please consider using two separate sources to improve rendering quality. @ http://localhost:5173/node_modules/.vite/deps/maplibre-gl.js?v=d1698ab9:313
[   19092ms] [WARNING] Image "circle-11" could not be loaded. Please make sure you have added the image with map.addImage() or a "sprite" property in your style. You can provide missing images by listening for the "styleimagemissing" map event. @ http://localhost:5173/node_modules/.vite/deps/maplibre-gl.js?v=d1698ab9:313
[   98488ms] [ERROR] Error @ http://localhost:5173/node_modules/.vite/deps/react-map-gl_maplibre.js?v=d1698ab9:258
[   98488ms] [ERROR] Error @ http://localhost:5173/node_modules/.vite/deps/react-map-gl_maplibre.js?v=d1698ab9:258
[  293318ms] Error: setRTLTextPlugin cannot be called multiple times.
    at le.<anonymous> (http://localhost:5173/node_modules/.vite/deps/maplibre-gl.js?v=d1698ab9:14149:35)
    at Generator.next (<anonymous>)
    at http://localhost:5173/node_modules/.vite/deps/maplibre-gl.js?v=d1698ab9:54:46
    at new Promise (<anonymous>)
    at Object.e [as _] (http://localhost:5173/node_modules/.vite/deps/maplibre-gl.js?v=d1698ab9:33:18)
    at le.setRTLTextPlugin (http://localhost:5173/node_modules/.vite/deps/maplibre-gl.js?v=d1698ab9:14148:22)
    at e.setRTLTextPlugin (http://localhost:5173/node_modules/.vite/deps/maplibre-gl.js?v=d1698ab9:23516:23)
    at http://localhost:5173/src/components/atlas/AtlasMap.tsx?t=1772985388568:29:12
[  293258ms] [WARNING] Error: layer id changed
    at assert (http://localhost:5173/node_modules/.vite/deps/react-map-gl_maplibre.js?v=d1698ab9:1099:11)
    at updateLayer (http://localhost:5173/node_modules/.vite/deps/react-map-gl_maplibre.js?v=d1698ab9:1197:3)
    at Layer (http://localhost:5173/node_modules/.vite/deps/react-map-gl_maplibre.js?v=d1698ab9:1269:7)
    at Object.react_stack_bottom_frame (http://localhost:5173/node_modules/.vite/deps/react-dom_client.js?v=d1698ab9:18509:20)
    at renderWithHooks (http://localhost:5173/node_modules/.vite/deps/react-dom_client.js?v=d1698ab9:5654:24)
    at updateFunctionComponent (http://localhost:5173/node_modules/.vite/deps/react-dom_client.js?v=d1698ab9:7475:21)
    at beginWork (http://localhost:5173/node_modules/.vite/deps/react-dom_client.js?v=d1698ab9:8525:20)
    at runWithFiberInDEV (http://localhost:5173/node_modules/.vite/deps/react-dom_client.js?v=d1698ab9:997:72)
    at performUnitOfWork (http://localhost:5173/node_modules/.vite/deps/react-dom_client.js?v=d1698ab9:12561:98)
    at workLoopSync (http://localhost:5173/node_modules/.vite/deps/react-dom_client.js?v=d1698ab9:12424:43) @ http://localhost:5173/node_modules/.vite/deps/react-map-gl_maplibre.js?v=d1698ab9:1270
[  296856ms] Error: setRTLTextPlugin cannot be called multiple times.
    at le.<anonymous> (http://localhost:5173/node_modules/.vite/deps/maplibre-gl.js?v=d1698ab9:14149:35)
    at Generator.next (<anonymous>)
    at http://localhost:5173/node_modules/.vite/deps/maplibre-gl.js?v=d1698ab9:54:46
    at new Promise (<anonymous>)
    at Object.e [as _] (http://localhost:5173/node_modules/.vite/deps/maplibre-gl.js?v=d1698ab9:33:18)
    at le.setRTLTextPlugin (http://localhost:5173/node_modules/.vite/deps/maplibre-gl.js?v=d1698ab9:14148:22)
    at e.setRTLTextPlugin (http://localhost:5173/node_modules/.vite/deps/maplibre-gl.js?v=d1698ab9:23516:23)
    at http://localhost:5173/src/components/atlas/AtlasMap.tsx?t=1772985393080:29:12
[  318541ms] [ERROR] Error @ http://localhost:5173/node_modules/.vite/deps/react-map-gl_maplibre.js?v=d1698ab9:258
[  318542ms] [ERROR] Error @ http://localhost:5173/node_modules/.vite/deps/react-map-gl_maplibre.js?v=d1698ab9:258
