[     513ms] [ERROR] Error @ http://localhost:5176/node_modules/.vite/deps/react-map-gl_maplibre.js?v=d1698ab9:258
[    8547ms] [WARNING] Image "circle-11" could not be loaded. Please make sure you have added the image with map.addImage() or a "sprite" property in your style. You can provide missing images by listening for the "styleimagemissing" map event. @ http://localhost:5176/node_modules/.vite/deps/maplibre-gl.js?v=d1698ab9:313
[    8639ms] [WARNING] Image "wood-pattern" could not be loaded. Please make sure you have added the image with map.addImage() or a "sprite" property in your style. You can provide missing images by listening for the "styleimagemissing" map event. @ http://localhost:5176/node_modules/.vite/deps/maplibre-gl.js?v=d1698ab9:313
[   75766ms] Error: setRTLTextPlugin cannot be called multiple times.
    at le.<anonymous> (http://localhost:5176/node_modules/.vite/deps/maplibre-gl.js?v=d1698ab9:14149:35)
    at Generator.next (<anonymous>)
    at http://localhost:5176/node_modules/.vite/deps/maplibre-gl.js?v=d1698ab9:54:46
    at new Promise (<anonymous>)
    at Object.e [as _] (http://localhost:5176/node_modules/.vite/deps/maplibre-gl.js?v=d1698ab9:33:18)
    at le.setRTLTextPlugin (http://localhost:5176/node_modules/.vite/deps/maplibre-gl.js?v=d1698ab9:14148:22)
    at e.setRTLTextPlugin (http://localhost:5176/node_modules/.vite/deps/maplibre-gl.js?v=d1698ab9:23516:23)
    at http://localhost:5176/src/components/atlas/AtlasMap.tsx?t=1772986742295:30:12
[   81688ms] Error: setRTLTextPlugin cannot be called multiple times.
    at le.<anonymous> (http://localhost:5176/node_modules/.vite/deps/maplibre-gl.js?v=d1698ab9:14149:35)
    at Generator.next (<anonymous>)
    at http://localhost:5176/node_modules/.vite/deps/maplibre-gl.js?v=d1698ab9:54:46
    at new Promise (<anonymous>)
    at Object.e [as _] (http://localhost:5176/node_modules/.vite/deps/maplibre-gl.js?v=d1698ab9:33:18)
    at le.setRTLTextPlugin (http://localhost:5176/node_modules/.vite/deps/maplibre-gl.js?v=d1698ab9:14148:22)
    at e.setRTLTextPlugin (http://localhost:5176/node_modules/.vite/deps/maplibre-gl.js?v=d1698ab9:23516:23)
    at http://localhost:5176/src/components/atlas/AtlasMap.tsx?t=1772986748978:30:12
