[     546ms] [ERROR] Error @ http://localhost:5173/node_modules/.vite/deps/react-map-gl_maplibre.js?v=d1698ab9:258
[     546ms] [ERROR] Error @ http://localhost:5173/node_modules/.vite/deps/react-map-gl_maplibre.js?v=d1698ab9:258
[     546ms] [ERROR] Error @ http://localhost:5173/node_modules/.vite/deps/react-map-gl_maplibre.js?v=d1698ab9:258
[     546ms] [ERROR] Error @ http://localhost:5173/node_modules/.vite/deps/react-map-gl_maplibre.js?v=d1698ab9:258
[     547ms] [ERROR] Error @ http://localhost:5173/node_modules/.vite/deps/react-map-gl_maplibre.js?v=d1698ab9:258
[     596ms] [ERROR] Error @ http://localhost:5173/node_modules/.vite/deps/react-map-gl_maplibre.js?v=d1698ab9:258
[     596ms] [ERROR] Error @ http://localhost:5173/node_modules/.vite/deps/react-map-gl_maplibre.js?v=d1698ab9:258
[     596ms] [ERROR] Error @ http://localhost:5173/node_modules/.vite/deps/react-map-gl_maplibre.js?v=d1698ab9:258
[     596ms] [ERROR] Error @ http://localhost:5173/node_modules/.vite/deps/react-map-gl_maplibre.js?v=d1698ab9:258
[     596ms] [ERROR] Error @ http://localhost:5173/node_modules/.vite/deps/react-map-gl_maplibre.js?v=d1698ab9:258
[   87616ms] Error: setRTLTextPlugin cannot be called multiple times.
    at le.<anonymous> (http://localhost:5173/node_modules/.vite/deps/maplibre-gl.js?v=d1698ab9:14149:35)
    at Generator.next (<anonymous>)
    at http://localhost:5173/node_modules/.vite/deps/maplibre-gl.js?v=d1698ab9:54:46
    at new Promise (<anonymous>)
    at Object.e [as _] (http://localhost:5173/node_modules/.vite/deps/maplibre-gl.js?v=d1698ab9:33:18)
    at le.setRTLTextPlugin (http://localhost:5173/node_modules/.vite/deps/maplibre-gl.js?v=d1698ab9:14148:22)
    at e.setRTLTextPlugin (http://localhost:5173/node_modules/.vite/deps/maplibre-gl.js?v=d1698ab9:23516:23)
    at http://localhost:5173/src/components/atlas/AtlasMap.tsx?t=1772988947462:27:12
[  124592ms] Error: setRTLTextPlugin cannot be called multiple times.
    at le.<anonymous> (http://localhost:5173/node_modules/.vite/deps/maplibre-gl.js?v=d1698ab9:14149:35)
    at Generator.next (<anonymous>)
    at http://localhost:5173/node_modules/.vite/deps/maplibre-gl.js?v=d1698ab9:54:46
    at new Promise (<anonymous>)
    at Object.e [as _] (http://localhost:5173/node_modules/.vite/deps/maplibre-gl.js?v=d1698ab9:33:18)
    at le.setRTLTextPlugin (http://localhost:5173/node_modules/.vite/deps/maplibre-gl.js?v=d1698ab9:14148:22)
    at e.setRTLTextPlugin (http://localhost:5173/node_modules/.vite/deps/maplibre-gl.js?v=d1698ab9:23516:23)
    at http://localhost:5173/src/components/atlas/AtlasMap.tsx?t=1772988984390:27:12
[  164837ms] Error: setRTLTextPlugin cannot be called multiple times.
    at le.<anonymous> (http://localhost:5173/node_modules/.vite/deps/maplibre-gl.js?v=d1698ab9:14149:35)
    at Generator.next (<anonymous>)
    at http://localhost:5173/node_modules/.vite/deps/maplibre-gl.js?v=d1698ab9:54:46
    at new Promise (<anonymous>)
    at Object.e [as _] (http://localhost:5173/node_modules/.vite/deps/maplibre-gl.js?v=d1698ab9:33:18)
    at le.setRTLTextPlugin (http://localhost:5173/node_modules/.vite/deps/maplibre-gl.js?v=d1698ab9:14148:22)
    at e.setRTLTextPlugin (http://localhost:5173/node_modules/.vite/deps/maplibre-gl.js?v=d1698ab9:23516:23)
    at http://localhost:5173/src/components/atlas/AtlasMap.tsx?t=1772989024716:27:12
[  207264ms] Error: setRTLTextPlugin cannot be called multiple times.
    at le.<anonymous> (http://localhost:5173/node_modules/.vite/deps/maplibre-gl.js?v=d1698ab9:14149:35)
    at Generator.next (<anonymous>)
    at http://localhost:5173/node_modules/.vite/deps/maplibre-gl.js?v=d1698ab9:54:46
    at new Promise (<anonymous>)
    at Object.e [as _] (http://localhost:5173/node_modules/.vite/deps/maplibre-gl.js?v=d1698ab9:33:18)
    at le.setRTLTextPlugin (http://localhost:5173/node_modules/.vite/deps/maplibre-gl.js?v=d1698ab9:14148:22)
    at e.setRTLTextPlugin (http://localhost:5173/node_modules/.vite/deps/maplibre-gl.js?v=d1698ab9:23516:23)
    at http://localhost:5173/src/components/atlas/AtlasMap.tsx?t=1772989067090:27:12
[  219468ms] Error: setRTLTextPlugin cannot be called multiple times.
    at le.<anonymous> (http://localhost:5173/node_modules/.vite/deps/maplibre-gl.js?v=d1698ab9:14149:35)
    at Generator.next (<anonymous>)
    at http://localhost:5173/node_modules/.vite/deps/maplibre-gl.js?v=d1698ab9:54:46
    at new Promise (<anonymous>)
    at Object.e [as _] (http://localhost:5173/node_modules/.vite/deps/maplibre-gl.js?v=d1698ab9:33:18)
    at le.setRTLTextPlugin (http://localhost:5173/node_modules/.vite/deps/maplibre-gl.js?v=d1698ab9:14148:22)
    at e.setRTLTextPlugin (http://localhost:5173/node_modules/.vite/deps/maplibre-gl.js?v=d1698ab9:23516:23)
    at http://localhost:5173/src/components/atlas/AtlasMap.tsx?t=1772989079481:27:12
